{"/home/jtg-d156/mattermost-plugin-msteams-sync/webapp/src/components/appManifestSetting.tsx": {"path":"/home/jtg-d156/mattermost-plugin-msteams-sync/webapp/src/components/appManifestSetting.tsx","statementMap":{"0":{"start":{"line":12,"column":18},"end":{"line":14,"column":5}},"1":{"start":{"line":13,"column":8},"end":{"line":13,"column":86}},"2":{"start":{"line":17,"column":8},"end":{"line":35,"column":10}},"3":{"start":{"line":39,"column":15},"end":{"line":43,"column":1}}},"fnMap":{"0":{"name":"(anonymous_0)","decl":{"start":{"line":12,"column":18},"end":{"line":12,"column":19}},"loc":{"start":{"line":12,"column":24},"end":{"line":14,"column":5}},"line":12},"1":{"name":"(anonymous_1)","decl":{"start":{"line":16,"column":4},"end":{"line":16,"column":5}},"loc":{"start":{"line":16,"column":13},"end":{"line":36,"column":5}},"line":16}},"branchMap":{},"s":{"0":0,"1":0,"2":0,"3":0},"f":{"0":0,"1":0},"b":{}}
,"/home/jtg-d156/mattermost-plugin-msteams-sync/webapp/src/components/enforceConnectedAccountModal.tsx": {"path":"/home/jtg-d156/mattermost-plugin-msteams-sync/webapp/src/components/enforceConnectedAccountModal.tsx","statementMap":{"0":{"start":{"line":11,"column":28},"end":{"line":11,"column":43}},"1":{"start":{"line":12,"column":34},"end":{"line":12,"column":49}},"2":{"start":{"line":13,"column":40},"end":{"line":13,"column":55}},"3":{"start":{"line":14,"column":40},"end":{"line":14,"column":55}},"4":{"start":{"line":15,"column":62},"end":{"line":15,"column":76}},"5":{"start":{"line":17,"column":17},"end":{"line":19,"column":10}},"6":{"start":{"line":18,"column":8},"end":{"line":18,"column":23}},"7":{"start":{"line":21,"column":27},"end":{"line":23,"column":10}},"8":{"start":{"line":22,"column":8},"end":{"line":22,"column":101}},"9":{"start":{"line":25,"column":4},"end":{"line":27,"column":11}},"10":{"start":{"line":26,"column":8},"end":{"line":26,"column":106}},"11":{"start":{"line":29,"column":37},"end":{"line":29,"column":111}},"12":{"start":{"line":30,"column":32},"end":{"line":30,"column":101}},"13":{"start":{"line":32,"column":4},"end":{"line":46,"column":7}},"14":{"start":{"line":35,"column":12},"end":{"line":44,"column":13}},"15":{"start":{"line":36,"column":29},"end":{"line":36,"column":65}},"16":{"start":{"line":37,"column":16},"end":{"line":43,"column":17}},"17":{"start":{"line":38,"column":20},"end":{"line":38,"column":47}},"18":{"start":{"line":39,"column":20},"end":{"line":39,"column":45}},"19":{"start":{"line":40,"column":23},"end":{"line":43,"column":17}},"20":{"start":{"line":41,"column":20},"end":{"line":41,"column":35}},"21":{"start":{"line":42,"column":20},"end":{"line":42,"column":41}},"22":{"start":{"line":48,"column":4},"end":{"line":56,"column":7}},"23":{"start":{"line":51,"column":12},"end":{"line":54,"column":13}},"24":{"start":{"line":52,"column":16},"end":{"line":52,"column":36}},"25":{"start":{"line":53,"column":16},"end":{"line":53,"column":79}},"26":{"start":{"line":58,"column":27},"end":{"line":60,"column":10}},"27":{"start":{"line":59,"column":8},"end":{"line":59,"column":106}},"28":{"start":{"line":62,"column":4},"end":{"line":74,"column":21}},"29":{"start":{"line":63,"column":28},"end":{"line":63,"column":29}},"30":{"start":{"line":64,"column":8},"end":{"line":67,"column":9}},"31":{"start":{"line":65,"column":12},"end":{"line":65,"column":32}},"32":{"start":{"line":66,"column":12},"end":{"line":66,"column":57}},"33":{"start":{"line":68,"column":8},"end":{"line":73,"column":10}},"34":{"start":{"line":69,"column":12},"end":{"line":72,"column":13}},"35":{"start":{"line":70,"column":16},"end":{"line":70,"column":37}},"36":{"start":{"line":71,"column":16},"end":{"line":71,"column":40}},"37":{"start":{"line":76,"column":4},"end":{"line":78,"column":5}},"38":{"start":{"line":77,"column":8},"end":{"line":77,"column":20}},"39":{"start":{"line":80,"column":4},"end":{"line":103,"column":6}}},"fnMap":{"0":{"name":"EnforceConnectedAccountModal","decl":{"start":{"line":10,"column":24},"end":{"line":10,"column":52}},"loc":{"start":{"line":10,"column":55},"end":{"line":104,"column":1}},"line":10},"1":{"name":"(anonymous_1)","decl":{"start":{"line":17,"column":29},"end":{"line":17,"column":30}},"loc":{"start":{"line":17,"column":35},"end":{"line":19,"column":5}},"line":17},"2":{"name":"(anonymous_2)","decl":{"start":{"line":21,"column":39},"end":{"line":21,"column":40}},"loc":{"start":{"line":21,"column":45},"end":{"line":23,"column":5}},"line":21},"3":{"name":"(anonymous_3)","decl":{"start":{"line":25,"column":14},"end":{"line":25,"column":15}},"loc":{"start":{"line":25,"column":20},"end":{"line":27,"column":5}},"line":25},"4":{"name":"(anonymous_4)","decl":{"start":{"line":34,"column":23},"end":{"line":34,"column":24}},"loc":{"start":{"line":34,"column":29},"end":{"line":45,"column":9}},"line":34},"5":{"name":"(anonymous_5)","decl":{"start":{"line":50,"column":23},"end":{"line":50,"column":24}},"loc":{"start":{"line":50,"column":29},"end":{"line":55,"column":9}},"line":50},"6":{"name":"(anonymous_6)","decl":{"start":{"line":58,"column":39},"end":{"line":58,"column":40}},"loc":{"start":{"line":58,"column":45},"end":{"line":60,"column":5}},"line":58},"7":{"name":"(anonymous_7)","decl":{"start":{"line":62,"column":14},"end":{"line":62,"column":15}},"loc":{"start":{"line":62,"column":20},"end":{"line":74,"column":5}},"line":62},"8":{"name":"(anonymous_8)","decl":{"start":{"line":68,"column":15},"end":{"line":68,"column":16}},"loc":{"start":{"line":68,"column":21},"end":{"line":73,"column":9}},"line":68}},"branchMap":{"0":{"loc":{"start":{"line":35,"column":12},"end":{"line":44,"column":13}},"type":"if","locations":[{"start":{"line":35,"column":12},"end":{"line":44,"column":13}},{"start":{},"end":{}}],"line":35},"1":{"loc":{"start":{"line":37,"column":16},"end":{"line":43,"column":17}},"type":"if","locations":[{"start":{"line":37,"column":16},"end":{"line":43,"column":17}},{"start":{"line":40,"column":23},"end":{"line":43,"column":17}}],"line":37},"2":{"loc":{"start":{"line":40,"column":23},"end":{"line":43,"column":17}},"type":"if","locations":[{"start":{"line":40,"column":23},"end":{"line":43,"column":17}},{"start":{},"end":{}}],"line":40},"3":{"loc":{"start":{"line":51,"column":12},"end":{"line":54,"column":13}},"type":"if","locations":[{"start":{"line":51,"column":12},"end":{"line":54,"column":13}},{"start":{},"end":{}}],"line":51},"4":{"loc":{"start":{"line":64,"column":8},"end":{"line":67,"column":9}},"type":"if","locations":[{"start":{"line":64,"column":8},"end":{"line":67,"column":9}},{"start":{},"end":{}}],"line":64},"5":{"loc":{"start":{"line":69,"column":12},"end":{"line":72,"column":13}},"type":"if","locations":[{"start":{"line":69,"column":12},"end":{"line":72,"column":13}},{"start":{},"end":{}}],"line":69},"6":{"loc":{"start":{"line":76,"column":4},"end":{"line":78,"column":5}},"type":"if","locations":[{"start":{"line":76,"column":4},"end":{"line":78,"column":5}},{"start":{},"end":{}}],"line":76},"7":{"loc":{"start":{"line":84,"column":13},"end":{"line":84,"column":133}},"type":"binary-expr","locations":[{"start":{"line":84,"column":13},"end":{"line":84,"column":24}},{"start":{"line":84,"column":28},"end":{"line":84,"column":133}}],"line":84},"8":{"loc":{"start":{"line":85,"column":13},"end":{"line":92,"column":13}},"type":"binary-expr","locations":[{"start":{"line":85,"column":13},"end":{"line":85,"column":24}},{"start":{"line":86,"column":16},"end":{"line":91,"column":25}}],"line":85},"9":{"loc":{"start":{"line":93,"column":13},"end":{"line":93,"column":119}},"type":"binary-expr","locations":[{"start":{"line":93,"column":13},"end":{"line":93,"column":23}},{"start":{"line":93,"column":27},"end":{"line":93,"column":119}}],"line":93},"10":{"loc":{"start":{"line":94,"column":13},"end":{"line":101,"column":13}},"type":"binary-expr","locations":[{"start":{"line":94,"column":13},"end":{"line":94,"column":20}},{"start":{"line":94,"column":24},"end":{"line":94,"column":35}},{"start":{"line":95,"column":16},"end":{"line":100,"column":20}}],"line":94}},"s":{"0":0,"1":0,"2":0,"3":0,"4":0,"5":0,"6":0,"7":0,"8":0,"9":0,"10":0,"11":0,"12":0,"13":0,"14":0,"15":0,"16":0,"17":0,"18":0,"19":0,"20":0,"21":0,"22":0,"23":0,"24":0,"25":0,"26":0,"27":0,"28":0,"29":0,"30":0,"31":0,"32":0,"33":0,"34":0,"35":0,"36":0,"37":0,"38":0,"39":0},"f":{"0":0,"1":0,"2":0,"3":0,"4":0,"5":0,"6":0,"7":0,"8":0},"b":{"0":[0,0],"1":[0,0],"2":[0,0],"3":[0,0],"4":[0,0],"5":[0,0],"6":[0,0],"7":[0,0],"8":[0,0],"9":[0,0],"10":[0,0,0]}}
,"/home/jtg-d156/mattermost-plugin-msteams-sync/webapp/src/components/getConnectedUsersSetting.tsx": {"path":"/home/jtg-d156/mattermost-plugin-msteams-sync/webapp/src/components/getConnectedUsersSetting.tsx","statementMap":{"0":{"start":{"line":8,"column":33},"end":{"line":27,"column":1}},"1":{"start":{"line":9,"column":4},"end":{"line":26,"column":6}},"2":{"start":{"line":29,"column":15},"end":{"line":36,"column":1}}},"fnMap":{"0":{"name":"(anonymous_0)","decl":{"start":{"line":8,"column":33},"end":{"line":8,"column":34}},"loc":{"start":{"line":8,"column":53},"end":{"line":27,"column":1}},"line":8}},"branchMap":{},"s":{"0":0,"1":0,"2":0},"f":{"0":0},"b":{}}
,"/home/jtg-d156/mattermost-plugin-msteams-sync/webapp/src/components/Dialog/Dialog.component.tsx": {"path":"/home/jtg-d156/mattermost-plugin-msteams-sync/webapp/src/components/Dialog/Dialog.component.tsx","statementMap":{"0":{"start":{"line":10,"column":22},"end":{"line":35,"column":1}},"1":{"start":{"line":11,"column":21},"end":{"line":11,"column":34}},"2":{"start":{"line":12,"column":20},"end":{"line":12,"column":34}},"3":{"start":{"line":13,"column":103},"end":{"line":13,"column":124}},"4":{"start":{"line":15,"column":24},"end":{"line":15,"column":53}},"5":{"start":{"line":15,"column":30},"end":{"line":15,"column":53}},"6":{"start":{"line":17,"column":4},"end":{"line":34,"column":6}},"7":{"start":{"line":25,"column":16},"end":{"line":25,"column":30}},"8":{"start":{"line":26,"column":16},"end":{"line":26,"column":33}}},"fnMap":{"0":{"name":"(anonymous_0)","decl":{"start":{"line":10,"column":22},"end":{"line":10,"column":23}},"loc":{"start":{"line":10,"column":118},"end":{"line":35,"column":1}},"line":10},"1":{"name":"(anonymous_1)","decl":{"start":{"line":15,"column":24},"end":{"line":15,"column":25}},"loc":{"start":{"line":15,"column":30},"end":{"line":15,"column":53}},"line":15},"2":{"name":"(anonymous_2)","decl":{"start":{"line":24,"column":28},"end":{"line":24,"column":29}},"loc":{"start":{"line":24,"column":34},"end":{"line":27,"column":13}},"line":24}},"branchMap":{"0":{"loc":{"start":{"line":32,"column":13},"end":{"line":32,"column":43}},"type":"binary-expr","locations":[{"start":{"line":32,"column":13},"end":{"line":32,"column":22}},{"start":{"line":32,"column":26},"end":{"line":32,"column":43}}],"line":32}},"s":{"0":5,"1":8,"2":8,"3":8,"4":8,"5":1,"6":8,"7":1,"8":1},"f":{"0":8,"1":1,"2":1},"b":{"0":[8,8]},"_coverageSchema":"1a1c01bbd47fc00a2c39e90264f33305004495a9","hash":"5ec82520a0f782461987256c1ff43534fbdb5ebe"}
,"/home/jtg-d156/mattermost-plugin-msteams-sync/webapp/src/components/Icon/Icon.component.tsx": {"path":"/home/jtg-d156/mattermost-plugin-msteams-sync/webapp/src/components/Icon/Icon.component.tsx","statementMap":{"0":{"start":{"line":6,"column":20},"end":{"line":19,"column":1}},"1":{"start":{"line":7,"column":4},"end":{"line":18,"column":11}}},"fnMap":{"0":{"name":"(anonymous_0)","decl":{"start":{"line":6,"column":20},"end":{"line":6,"column":21}},"loc":{"start":{"line":7,"column":4},"end":{"line":18,"column":11}},"line":7}},"branchMap":{},"s":{"0":8,"1":34},"f":{"0":34},"b":{},"_coverageSchema":"1a1c01bbd47fc00a2c39e90264f33305004495a9","hash":"0eeeab9410807208c25c0d49417632a8b3991c8f"}
,"/home/jtg-d156/mattermost-plugin-msteams-sync/webapp/src/components/Icon/Icon.map.tsx": {"path":"/home/jtg-d156/mattermost-plugin-msteams-sync/webapp/src/components/Icon/Icon.map.tsx","statementMap":{"0":{"start":{"line":5,"column":55},"end":{"line":450,"column":1}}},"fnMap":{},"branchMap":{},"s":{"0":8},"f":{},"b":{},"_coverageSchema":"1a1c01bbd47fc00a2c39e90264f33305004495a9","hash":"b74b756d28414ee6e4a48179e9fbe55e9127dbd9"}
,"/home/jtg-d156/mattermost-plugin-msteams-sync/webapp/src/components/LinkedChannelCard/LinkedChannelCard.component.tsx": {"path":"/home/jtg-d156/mattermost-plugin-msteams-sync/webapp/src/components/LinkedChannelCard/LinkedChannelCard.component.tsx","statementMap":{"0":{"start":{"line":9,"column":33},"end":{"line":28,"column":1}},"1":{"start":{"line":10,"column":4},"end":{"line":27,"column":10}}},"fnMap":{"0":{"name":"(anonymous_0)","decl":{"start":{"line":9,"column":33},"end":{"line":9,"column":34}},"loc":{"start":{"line":10,"column":4},"end":{"line":27,"column":10}},"line":10}},"branchMap":{},"s":{"0":5,"1":2},"f":{"0":2},"b":{},"_coverageSchema":"1a1c01bbd47fc00a2c39e90264f33305004495a9","hash":"a5f01796c79f89d521b7ee90c8e355adeb8d1bbf"}
,"/home/jtg-d156/mattermost-plugin-msteams-sync/webapp/src/components/RhsTitle/RhsTitle.component.tsx": {"path":"/home/jtg-d156/mattermost-plugin-msteams-sync/webapp/src/components/RhsTitle/RhsTitle.component.tsx","statementMap":{"0":{"start":{"line":6,"column":24},"end":{"line":15,"column":1}},"1":{"start":{"line":7,"column":4},"end":{"line":14,"column":11}}},"fnMap":{"0":{"name":"(anonymous_0)","decl":{"start":{"line":6,"column":24},"end":{"line":6,"column":25}},"loc":{"start":{"line":7,"column":4},"end":{"line":14,"column":11}},"line":7}},"branchMap":{},"s":{"0":5,"1":1},"f":{"0":1},"b":{},"_coverageSchema":"1a1c01bbd47fc00a2c39e90264f33305004495a9","hash":"959924d309f379fdb05663739e6f450fc0dc226c"}
,"/home/jtg-d156/mattermost-plugin-msteams-sync/webapp/src/components/Snackbar/Snackbar.component.tsx": {"path":"/home/jtg-d156/mattermost-plugin-msteams-sync/webapp/src/components/Snackbar/Snackbar.component.tsx","statementMap":{"0":{"start":{"line":16,"column":24},"end":{"line":72,"column":1}},"1":{"start":{"line":17,"column":21},"end":{"line":17,"column":34}},"2":{"start":{"line":18,"column":20},"end":{"line":18,"column":34}},"3":{"start":{"line":19,"column":19},"end":{"line":19,"column":28}},"4":{"start":{"line":20,"column":40},"end":{"line":20,"column":63}},"5":{"start":{"line":22,"column":24},"end":{"line":22,"column":52}},"6":{"start":{"line":22,"column":30},"end":{"line":22,"column":52}},"7":{"start":{"line":24,"column":4},"end":{"line":35,"column":17}},"8":{"start":{"line":25,"column":8},"end":{"line":30,"column":9}},"9":{"start":{"line":26,"column":12},"end":{"line":29,"column":29}},"10":{"start":{"line":28,"column":16},"end":{"line":28,"column":30}},"11":{"start":{"line":32,"column":8},"end":{"line":34,"column":10}},"12":{"start":{"line":33,"column":12},"end":{"line":33,"column":41}},"13":{"start":{"line":37,"column":60},"end":{"line":41,"column":5}},"14":{"start":{"line":43,"column":61},"end":{"line":47,"column":5}},"15":{"start":{"line":49,"column":4},"end":{"line":71,"column":6}}},"fnMap":{"0":{"name":"(anonymous_0)","decl":{"start":{"line":16,"column":24},"end":{"line":16,"column":25}},"loc":{"start":{"line":16,"column":30},"end":{"line":72,"column":1}},"line":16},"1":{"name":"(anonymous_1)","decl":{"start":{"line":22,"column":24},"end":{"line":22,"column":25}},"loc":{"start":{"line":22,"column":30},"end":{"line":22,"column":52}},"line":22},"2":{"name":"(anonymous_2)","decl":{"start":{"line":24,"column":14},"end":{"line":24,"column":15}},"loc":{"start":{"line":24,"column":20},"end":{"line":35,"column":5}},"line":24},"3":{"name":"(anonymous_3)","decl":{"start":{"line":26,"column":47},"end":{"line":26,"column":48}},"loc":{"start":{"line":26,"column":53},"end":{"line":29,"column":13}},"line":26},"4":{"name":"(anonymous_4)","decl":{"start":{"line":32,"column":15},"end":{"line":32,"column":16}},"loc":{"start":{"line":32,"column":21},"end":{"line":34,"column":9}},"line":32}},"branchMap":{"0":{"loc":{"start":{"line":25,"column":8},"end":{"line":30,"column":9}},"type":"if","locations":[{"start":{"line":25,"column":8},"end":{"line":30,"column":9}},{"start":{},"end":{}}],"line":25}},"s":{"0":5,"1":6,"2":6,"3":6,"4":6,"5":6,"6":1,"7":6,"8":6,"9":6,"10":0,"11":6,"12":6,"13":6,"14":6,"15":6},"f":{"0":6,"1":1,"2":6,"3":0,"4":6},"b":{"0":[6,0]},"_coverageSchema":"1a1c01bbd47fc00a2c39e90264f33305004495a9","hash":"898169fe979efe9dcad3314789cc531604a78d15"}
,"/home/jtg-d156/mattermost-plugin-msteams-sync/webapp/src/components/WarningCard/WarningCard.component.tsx": {"path":"/home/jtg-d156/mattermost-plugin-msteams-sync/webapp/src/components/WarningCard/WarningCard.component.tsx","statementMap":{"0":{"start":{"line":10,"column":27},"end":{"line":41,"column":1}},"1":{"start":{"line":11,"column":4},"end":{"line":40,"column":6}}},"fnMap":{"0":{"name":"(anonymous_0)","decl":{"start":{"line":10,"column":27},"end":{"line":10,"column":28}},"loc":{"start":{"line":10,"column":62},"end":{"line":41,"column":1}},"line":10}},"branchMap":{},"s":{"0":5,"1":5},"f":{"0":5},"b":{},"_coverageSchema":"1a1c01bbd47fc00a2c39e90264f33305004495a9","hash":"a630062269cc341cbb4c0e901331f467cf6dce50"}
,"/home/jtg-d156/mattermost-plugin-msteams-sync/webapp/src/containers/index.ts": {"path":"/home/jtg-d156/mattermost-plugin-msteams-sync/webapp/src/containers/index.ts","statementMap":{},"fnMap":{},"branchMap":{},"s":{},"f":{},"b":{}}
,"/home/jtg-d156/mattermost-plugin-msteams-sync/webapp/src/containers/Rhs/Rhs.container.tsx": {"path":"/home/jtg-d156/mattermost-plugin-msteams-sync/webapp/src/containers/Rhs/Rhs.container.tsx","statementMap":{"0":{"start":{"line":18,"column":19},"end":{"line":67,"column":1}},"1":{"start":{"line":19,"column":33},"end":{"line":19,"column":47}},"2":{"start":{"line":20,"column":24},"end":{"line":20,"column":48}},"3":{"start":{"line":21,"column":27},"end":{"line":21,"column":49}},"4":{"start":{"line":23,"column":21},"end":{"line":23,"column":44}},"5":{"start":{"line":25,"column":19},"end":{"line":25,"column":84}},"6":{"start":{"line":26,"column":35},"end":{"line":26,"column":104}},"7":{"start":{"line":28,"column":33},"end":{"line":28,"column":62}},"8":{"start":{"line":32,"column":31},"end":{"line":32,"column":36}},"9":{"start":{"line":34,"column":23},"end":{"line":56,"column":49}},"10":{"start":{"line":35,"column":8},"end":{"line":41,"column":9}},"11":{"start":{"line":36,"column":12},"end":{"line":40,"column":14}},"12":{"start":{"line":43,"column":8},"end":{"line":45,"column":9}},"13":{"start":{"line":44,"column":12},"end":{"line":44,"column":37}},"14":{"start":{"line":47,"column":8},"end":{"line":49,"column":9}},"15":{"start":{"line":48,"column":12},"end":{"line":48,"column":37}},"16":{"start":{"line":51,"column":8},"end":{"line":53,"column":9}},"17":{"start":{"line":52,"column":12},"end":{"line":52,"column":39}},"18":{"start":{"line":55,"column":8},"end":{"line":55,"column":21}},"19":{"start":{"line":58,"column":4},"end":{"line":66,"column":6}}},"fnMap":{"0":{"name":"(anonymous_0)","decl":{"start":{"line":18,"column":19},"end":{"line":18,"column":20}},"loc":{"start":{"line":18,"column":25},"end":{"line":67,"column":1}},"line":18},"1":{"name":"(anonymous_1)","decl":{"start":{"line":34,"column":35},"end":{"line":34,"column":36}},"loc":{"start":{"line":34,"column":41},"end":{"line":56,"column":5}},"line":34}},"branchMap":{"0":{"loc":{"start":{"line":35,"column":8},"end":{"line":41,"column":9}},"type":"if","locations":[{"start":{"line":35,"column":8},"end":{"line":41,"column":9}},{"start":{},"end":{}}],"line":35},"1":{"loc":{"start":{"line":43,"column":8},"end":{"line":45,"column":9}},"type":"if","locations":[{"start":{"line":43,"column":8},"end":{"line":45,"column":9}},{"start":{},"end":{}}],"line":43},"2":{"loc":{"start":{"line":43,"column":12},"end":{"line":43,"column":45}},"type":"binary-expr","locations":[{"start":{"line":43,"column":12},"end":{"line":43,"column":22}},{"start":{"line":43,"column":26},"end":{"line":43,"column":45}}],"line":43},"3":{"loc":{"start":{"line":47,"column":8},"end":{"line":49,"column":9}},"type":"if","locations":[{"start":{"line":47,"column":8},"end":{"line":49,"column":9}},{"start":{},"end":{}}],"line":47},"4":{"loc":{"start":{"line":47,"column":12},"end":{"line":47,"column":44}},"type":"binary-expr","locations":[{"start":{"line":47,"column":12},"end":{"line":47,"column":22}},{"start":{"line":47,"column":26},"end":{"line":47,"column":44}}],"line":47},"5":{"loc":{"start":{"line":51,"column":8},"end":{"line":53,"column":9}},"type":"if","locations":[{"start":{"line":51,"column":8},"end":{"line":53,"column":9}},{"start":{},"end":{}}],"line":51},"6":{"loc":{"start":{"line":51,"column":12},"end":{"line":51,"column":44}},"type":"binary-expr","locations":[{"start":{"line":51,"column":12},"end":{"line":51,"column":21}},{"start":{"line":51,"column":25},"end":{"line":51,"column":44}}],"line":51},"7":{"loc":{"start":{"line":61,"column":16},"end":{"line":62,"column":57}},"type":"cond-expr","locations":[{"start":{"line":62,"column":20},"end":{"line":62,"column":32}},{"start":{"line":62,"column":35},"end":{"line":62,"column":57}}],"line":61},"8":{"loc":{"start":{"line":64,"column":13},"end":{"line":64,"column":34}},"type":"binary-expr","locations":[{"start":{"line":64,"column":13},"end":{"line":64,"column":19}},{"start":{"line":64,"column":23},"end":{"line":64,"column":34}}],"line":64}},"s":{"0":1,"1":3,"2":3,"3":3,"4":3,"5":3,"6":3,"7":3,"8":3,"9":3,"10":2,"11":0,"12":2,"13":0,"14":2,"15":0,"16":2,"17":2,"18":0,"19":2},"f":{"0":3,"1":2},"b":{"0":[0,2],"1":[0,2],"2":[2,0],"3":[0,2],"4":[2,0],"5":[2,0],"6":[2,2],"7":[2,0],"8":[2,2]},"_coverageSchema":"1a1c01bbd47fc00a2c39e90264f33305004495a9","hash":"d42a6e92e724d7b77ab7f89ebc532b7d587a6340"}
,"/home/jtg-d156/mattermost-plugin-msteams-sync/webapp/src/containers/Rhs/index.ts": {"path":"/home/jtg-d156/mattermost-plugin-msteams-sync/webapp/src/containers/Rhs/index.ts","statementMap":{},"fnMap":{},"branchMap":{},"s":{},"f":{},"b":{}}
,"/home/jtg-d156/mattermost-plugin-msteams-sync/webapp/src/containers/Rhs/views/ConnectAccount/ConnectAccount.container.tsx": {"path":"/home/jtg-d156/mattermost-plugin-msteams-sync/webapp/src/containers/Rhs/views/ConnectAccount/ConnectAccount.container.tsx","statementMap":{"0":{"start":{"line":12,"column":30},"end":{"line":56,"column":1}},"1":{"start":{"line":13,"column":22},"end":{"line":13,"column":32}},"2":{"start":{"line":14,"column":49},"end":{"line":14,"column":63}},"3":{"start":{"line":16,"column":27},"end":{"line":18,"column":10}},"4":{"start":{"line":17,"column":8},"end":{"line":17,"column":91}},"5":{"start":{"line":20,"column":4},"end":{"line":25,"column":7}},"6":{"start":{"line":23,"column":12},"end":{"line":23,"column":93}},"7":{"start":{"line":27,"column":4},"end":{"line":55,"column":6}},"8":{"start":{"line":44,"column":24},"end":{"line":50,"column":29}}},"fnMap":{"0":{"name":"(anonymous_0)","decl":{"start":{"line":12,"column":30},"end":{"line":12,"column":31}},"loc":{"start":{"line":12,"column":36},"end":{"line":56,"column":1}},"line":12},"1":{"name":"(anonymous_1)","decl":{"start":{"line":16,"column":39},"end":{"line":16,"column":40}},"loc":{"start":{"line":16,"column":45},"end":{"line":18,"column":5}},"line":16},"2":{"name":"(anonymous_2)","decl":{"start":{"line":22,"column":21},"end":{"line":22,"column":22}},"loc":{"start":{"line":22,"column":27},"end":{"line":24,"column":9}},"line":22},"3":{"name":"(anonymous_3)","decl":{"start":{"line":43,"column":58},"end":{"line":43,"column":59}},"loc":{"start":{"line":44,"column":24},"end":{"line":50,"column":29}},"line":44}},"branchMap":{},"s":{"0":2,"1":3,"2":3,"3":3,"4":1,"5":3,"6":0,"7":3,"8":6},"f":{"0":3,"1":1,"2":0,"3":6},"b":{},"_coverageSchema":"1a1c01bbd47fc00a2c39e90264f33305004495a9","hash":"4bd46558f8035aa0c7233038c53711d3f875b815"}
,"/home/jtg-d156/mattermost-plugin-msteams-sync/webapp/src/containers/Rhs/views/ConnectAccount/index.ts": {"path":"/home/jtg-d156/mattermost-plugin-msteams-sync/webapp/src/containers/Rhs/views/ConnectAccount/index.ts","statementMap":{},"fnMap":{},"branchMap":{},"s":{},"f":{},"b":{},"_coverageSchema":"1a1c01bbd47fc00a2c39e90264f33305004495a9","hash":"383dbb1c5e0d9ce3ac184110c2cdafedc796dbf7"}
,"/home/jtg-d156/mattermost-plugin-msteams-sync/webapp/src/containers/Rhs/views/ConnectedAccount/ConnectedAccount.container.tsx": {"path":"/home/jtg-d156/mattermost-plugin-msteams-sync/webapp/src/containers/Rhs/views/ConnectedAccount/ConnectedAccount.container.tsx","statementMap":{"0":{"start":{"line":16,"column":32},"end":{"line":103,"column":1}},"1":{"start":{"line":17,"column":21},"end":{"line":17,"column":34}},"2":{"start":{"line":18,"column":56},"end":{"line":18,"column":70}},"3":{"start":{"line":19,"column":69},"end":{"line":19,"column":93}},"4":{"start":{"line":21,"column":22},"end":{"line":21,"column":32}},"5":{"start":{"line":23,"column":27},"end":{"line":25,"column":10}},"6":{"start":{"line":24,"column":8},"end":{"line":24,"column":98}},"7":{"start":{"line":27,"column":54},"end":{"line":32,"column":6}},"8":{"start":{"line":30,"column":12},"end":{"line":30,"column":25}},"9":{"start":{"line":34,"column":4},"end":{"line":50,"column":7}},"10":{"start":{"line":37,"column":12},"end":{"line":37,"column":115}},"11":{"start":{"line":38,"column":12},"end":{"line":38,"column":25}},"12":{"start":{"line":39,"column":12},"end":{"line":41,"column":15}},"13":{"start":{"line":44,"column":12},"end":{"line":47,"column":15}},"14":{"start":{"line":48,"column":12},"end":{"line":48,"column":25}},"15":{"start":{"line":52,"column":4},"end":{"line":57,"column":40}},"16":{"start":{"line":53,"column":8},"end":{"line":56,"column":9}},"17":{"start":{"line":54,"column":12},"end":{"line":54,"column":76}},"18":{"start":{"line":55,"column":12},"end":{"line":55,"column":99}},"19":{"start":{"line":59,"column":4},"end":{"line":102,"column":6}},"20":{"start":{"line":84,"column":39},"end":{"line":91,"column":26}}},"fnMap":{"0":{"name":"(anonymous_0)","decl":{"start":{"line":16,"column":32},"end":{"line":16,"column":33}},"loc":{"start":{"line":16,"column":38},"end":{"line":103,"column":1}},"line":16},"1":{"name":"(anonymous_1)","decl":{"start":{"line":23,"column":39},"end":{"line":23,"column":40}},"loc":{"start":{"line":23,"column":45},"end":{"line":25,"column":5}},"line":23},"2":{"name":"(anonymous_2)","decl":{"start":{"line":29,"column":24},"end":{"line":29,"column":25}},"loc":{"start":{"line":29,"column":30},"end":{"line":31,"column":9}},"line":29},"3":{"name":"(anonymous_3)","decl":{"start":{"line":36,"column":23},"end":{"line":36,"column":24}},"loc":{"start":{"line":36,"column":29},"end":{"line":42,"column":9}},"line":36},"4":{"name":"(anonymous_4)","decl":{"start":{"line":43,"column":21},"end":{"line":43,"column":22}},"loc":{"start":{"line":43,"column":27},"end":{"line":49,"column":9}},"line":43},"5":{"name":"(anonymous_5)","decl":{"start":{"line":52,"column":14},"end":{"line":52,"column":15}},"loc":{"start":{"line":52,"column":20},"end":{"line":57,"column":5}},"line":52},"6":{"name":"(anonymous_6)","decl":{"start":{"line":84,"column":33},"end":{"line":84,"column":34}},"loc":{"start":{"line":84,"column":39},"end":{"line":91,"column":26}},"line":84}},"branchMap":{"0":{"loc":{"start":{"line":53,"column":8},"end":{"line":56,"column":9}},"type":"if","locations":[{"start":{"line":53,"column":8},"end":{"line":56,"column":9}},{"start":{},"end":{}}],"line":53},"1":{"loc":{"start":{"line":53,"column":12},"end":{"line":53,"column":44}},"type":"binary-expr","locations":[{"start":{"line":53,"column":12},"end":{"line":53,"column":21}},{"start":{"line":53,"column":25},"end":{"line":53,"column":44}}],"line":53}},"s":{"0":2,"1":8,"2":8,"3":8,"4":8,"5":8,"6":0,"7":6,"8":0,"9":6,"10":0,"11":0,"12":0,"13":0,"14":0,"15":6,"16":6,"17":0,"18":0,"19":6,"20":1},"f":{"0":8,"1":0,"2":0,"3":0,"4":0,"5":6,"6":1},"b":{"0":[0,6],"1":[6,6]},"_coverageSchema":"1a1c01bbd47fc00a2c39e90264f33305004495a9","hash":"197917806593317b01bbdf62f330964c84e0beb7"}
,"/home/jtg-d156/mattermost-plugin-msteams-sync/webapp/src/containers/Rhs/views/ConnectedAccount/index.ts": {"path":"/home/jtg-d156/mattermost-plugin-msteams-sync/webapp/src/containers/Rhs/views/ConnectedAccount/index.ts","statementMap":{},"fnMap":{},"branchMap":{},"s":{},"f":{},"b":{},"_coverageSchema":"1a1c01bbd47fc00a2c39e90264f33305004495a9","hash":"921572181773fc2c574cc44ddbdb136bfab444a1"}
,"/home/jtg-d156/mattermost-plugin-msteams-sync/webapp/src/containers/Rhs/views/LinkedChannels/LinkedChannels.container.tsx": {"path":"/home/jtg-d156/mattermost-plugin-msteams-sync/webapp/src/containers/Rhs/views/LinkedChannels/LinkedChannels.container.tsx","statementMap":{"0":{"start":{"line":18,"column":30},"end":{"line":91,"column":1}},"1":{"start":{"line":20,"column":49},"end":{"line":20,"column":63}},"2":{"start":{"line":21,"column":58},"end":{"line":21,"column":89}},"3":{"start":{"line":22,"column":62},"end":{"line":25,"column":6}},"4":{"start":{"line":28,"column":24},"end":{"line":30,"column":6}},"5":{"start":{"line":28,"column":30},"end":{"line":30,"column":6}},"6":{"start":{"line":29,"column":8},"end":{"line":29,"column":38}},"7":{"start":{"line":29,"column":25},"end":{"line":29,"column":30}},"8":{"start":{"line":32,"column":4},"end":{"line":37,"column":32}},"9":{"start":{"line":33,"column":8},"end":{"line":36,"column":11}},"10":{"start":{"line":34,"column":35},"end":{"line":34,"column":189}},"11":{"start":{"line":35,"column":12},"end":{"line":35,"column":103}},"12":{"start":{"line":39,"column":27},"end":{"line":43,"column":10}},"13":{"start":{"line":40,"column":8},"end":{"line":42,"column":10}},"14":{"start":{"line":46,"column":29},"end":{"line":49,"column":5}},"15":{"start":{"line":47,"column":8},"end":{"line":48,"column":11}},"16":{"start":{"line":51,"column":34},"end":{"line":53,"column":29}},"17":{"start":{"line":52,"column":9},"end":{"line":52,"column":102}},"18":{"start":{"line":55,"column":4},"end":{"line":90,"column":6}},"19":{"start":{"line":80,"column":24},"end":{"line":84,"column":26}}},"fnMap":{"0":{"name":"(anonymous_0)","decl":{"start":{"line":18,"column":30},"end":{"line":18,"column":31}},"loc":{"start":{"line":18,"column":36},"end":{"line":91,"column":1}},"line":18},"1":{"name":"(anonymous_1)","decl":{"start":{"line":28,"column":24},"end":{"line":28,"column":25}},"loc":{"start":{"line":28,"column":30},"end":{"line":30,"column":6}},"line":28},"2":{"name":"(anonymous_2)","decl":{"start":{"line":28,"column":48},"end":{"line":28,"column":49}},"loc":{"start":{"line":28,"column":57},"end":{"line":30,"column":5}},"line":28},"3":{"name":"(anonymous_3)","decl":{"start":{"line":29,"column":19},"end":{"line":29,"column":20}},"loc":{"start":{"line":29,"column":25},"end":{"line":29,"column":30}},"line":29},"4":{"name":"(anonymous_4)","decl":{"start":{"line":32,"column":14},"end":{"line":32,"column":15}},"loc":{"start":{"line":32,"column":20},"end":{"line":37,"column":5}},"line":32},"5":{"name":"(anonymous_5)","decl":{"start":{"line":33,"column":27},"end":{"line":33,"column":28}},"loc":{"start":{"line":33,"column":33},"end":{"line":36,"column":9}},"line":33},"6":{"name":"(anonymous_6)","decl":{"start":{"line":39,"column":39},"end":{"line":39,"column":40}},"loc":{"start":{"line":39,"column":45},"end":{"line":43,"column":5}},"line":39},"7":{"name":"(anonymous_7)","decl":{"start":{"line":46,"column":29},"end":{"line":46,"column":30}},"loc":{"start":{"line":46,"column":35},"end":{"line":49,"column":5}},"line":46},"8":{"name":"(anonymous_8)","decl":{"start":{"line":51,"column":51},"end":{"line":51,"column":52}},"loc":{"start":{"line":52,"column":9},"end":{"line":52,"column":102}},"line":52},"9":{"name":"(anonymous_9)","decl":{"start":{"line":79,"column":45},"end":{"line":79,"column":46}},"loc":{"start":{"line":80,"column":24},"end":{"line":84,"column":26}},"line":80}},"branchMap":{},"s":{"0":2,"1":3,"2":3,"3":3,"4":3,"5":3,"6":3,"7":0,"8":3,"9":3,"10":0,"11":0,"12":3,"13":1,"14":3,"15":0,"16":3,"17":3,"18":3,"19":0},"f":{"0":3,"1":3,"2":3,"3":0,"4":3,"5":0,"6":1,"7":0,"8":3,"9":0},"b":{},"_coverageSchema":"1a1c01bbd47fc00a2c39e90264f33305004495a9","hash":"07bffa569a134c8cec52199792d41c06807feb10"}
,"/home/jtg-d156/mattermost-plugin-msteams-sync/webapp/src/containers/Rhs/views/LinkedChannels/LinkedChannels.mock.ts": {"path":"/home/jtg-d156/mattermost-plugin-msteams-sync/webapp/src/containers/Rhs/views/LinkedChannels/LinkedChannels.mock.ts","statementMap":{"0":{"start":{"line":1,"column":34},"end":{"line":219,"column":1}}},"fnMap":{},"branchMap":{},"s":{"0":2},"f":{},"b":{},"_coverageSchema":"1a1c01bbd47fc00a2c39e90264f33305004495a9","hash":"9a81de87ca8cfac4634dbe1d62316edf08a74f55"}
,"/home/jtg-d156/mattermost-plugin-msteams-sync/webapp/src/containers/Rhs/views/LinkedChannels/index.ts": {"path":"/home/jtg-d156/mattermost-plugin-msteams-sync/webapp/src/containers/Rhs/views/LinkedChannels/index.ts","statementMap":{},"fnMap":{},"branchMap":{},"s":{},"f":{},"b":{},"_coverageSchema":"1a1c01bbd47fc00a2c39e90264f33305004495a9","hash":"fc3529e59d0e5498b4c45973f40fb8a51d9064ba"}
,"/home/jtg-d156/mattermost-plugin-msteams-sync/webapp/src/reducers/index.ts": {"path":"/home/jtg-d156/mattermost-plugin-msteams-sync/webapp/src/reducers/index.ts","statementMap":{},"fnMap":{},"branchMap":{},"s":{},"f":{},"b":{}}
,"/home/jtg-d156/mattermost-plugin-msteams-sync/webapp/src/reducers/apiRequest/index.ts": {"path":"/home/jtg-d156/mattermost-plugin-msteams-sync/webapp/src/reducers/apiRequest/index.ts","statementMap":{"0":{"start":{"line":5,"column":48},"end":{"line":7,"column":1}},"1":{"start":{"line":9,"column":41},"end":{"line":20,"column":2}},"2":{"start":{"line":14,"column":12},"end":{"line":14,"column":65}},"3":{"start":{"line":17,"column":12},"end":{"line":17,"column":92}},"4":{"start":{"line":17,"column":64},"end":{"line":17,"column":90}},"5":{"start":{"line":22,"column":78},"end":{"line":22,"column":111}}},"fnMap":{"0":{"name":"(anonymous_0)","decl":{"start":{"line":13,"column":38},"end":{"line":13,"column":39}},"loc":{"start":{"line":13,"column":121},"end":{"line":15,"column":9}},"line":13},"1":{"name":"(anonymous_1)","decl":{"start":{"line":16,"column":40},"end":{"line":16,"column":41}},"loc":{"start":{"line":16,"column":123},"end":{"line":18,"column":9}},"line":16},"2":{"name":"(anonymous_2)","decl":{"start":{"line":17,"column":51},"end":{"line":17,"column":52}},"loc":{"start":{"line":17,"column":64},"end":{"line":17,"column":90}},"line":17}},"branchMap":{},"s":{"0":7,"1":7,"2":1,"3":1,"4":3,"5":7},"f":{"0":1,"1":1,"2":3},"b":{},"_coverageSchema":"1a1c01bbd47fc00a2c39e90264f33305004495a9","hash":"d0880846146360c850b494a94dd0bb245d33a928"}
,"/home/jtg-d156/mattermost-plugin-msteams-sync/webapp/src/reducers/connectedState/index.ts": {"path":"/home/jtg-d156/mattermost-plugin-msteams-sync/webapp/src/reducers/connectedState/index.ts","statementMap":{"0":{"start":{"line":5,"column":37},"end":{"line":10,"column":1}},"1":{"start":{"line":12,"column":35},"end":{"line":23,"column":2}},"2":{"start":{"line":17,"column":12},"end":{"line":17,"column":55}},"3":{"start":{"line":18,"column":12},"end":{"line":18,"column":73}},"4":{"start":{"line":19,"column":12},"end":{"line":19,"column":53}},"5":{"start":{"line":20,"column":12},"end":{"line":20,"column":63}},"6":{"start":{"line":25,"column":30},"end":{"line":25,"column":57}}},"fnMap":{"0":{"name":"(anonymous_0)","decl":{"start":{"line":16,"column":22},"end":{"line":16,"column":23}},"loc":{"start":{"line":16,"column":88},"end":{"line":21,"column":9}},"line":16}},"branchMap":{},"s":{"0":3,"1":3,"2":1,"3":1,"4":1,"5":1,"6":3},"f":{"0":1},"b":{},"_coverageSchema":"1a1c01bbd47fc00a2c39e90264f33305004495a9","hash":"d1af2232fb7d186c671efe87d67ff2b1d2aaf9a0"}
,"/home/jtg-d156/mattermost-plugin-msteams-sync/webapp/src/reducers/dialog/index.ts": {"path":"/home/jtg-d156/mattermost-plugin-msteams-sync/webapp/src/reducers/dialog/index.ts","statementMap":{"0":{"start":{"line":5,"column":34},"end":{"line":13,"column":1}},"1":{"start":{"line":15,"column":27},"end":{"line":33,"column":2}},"2":{"start":{"line":20,"column":12},"end":{"line":20,"column":30}},"3":{"start":{"line":21,"column":12},"end":{"line":21,"column":52}},"4":{"start":{"line":22,"column":12},"end":{"line":22,"column":52}},"5":{"start":{"line":23,"column":12},"end":{"line":23,"column":48}},"6":{"start":{"line":24,"column":12},"end":{"line":24,"column":64}},"7":{"start":{"line":25,"column":12},"end":{"line":25,"column":68}},"8":{"start":{"line":26,"column":12},"end":{"line":26,"column":40}},"9":{"start":{"line":29,"column":12},"end":{"line":29,"column":31}},"10":{"start":{"line":35,"column":41},"end":{"line":35,"column":60}}},"fnMap":{"0":{"name":"(anonymous_0)","decl":{"start":{"line":19,"column":20},"end":{"line":19,"column":21}},"loc":{"start":{"line":19,"column":70},"end":{"line":27,"column":9}},"line":19},"1":{"name":"(anonymous_1)","decl":{"start":{"line":28,"column":21},"end":{"line":28,"column":22}},"loc":{"start":{"line":28,"column":32},"end":{"line":30,"column":9}},"line":28}},"branchMap":{},"s":{"0":6,"1":6,"2":1,"3":1,"4":1,"5":1,"6":1,"7":1,"8":1,"9":1,"10":6},"f":{"0":1,"1":1},"b":{},"_coverageSchema":"1a1c01bbd47fc00a2c39e90264f33305004495a9","hash":"43e255d468d10cebe01c216b1833e20c667635fa"}
,"/home/jtg-d156/mattermost-plugin-msteams-sync/webapp/src/reducers/snackbar/index.ts": {"path":"/home/jtg-d156/mattermost-plugin-msteams-sync/webapp/src/reducers/snackbar/index.ts","statementMap":{"0":{"start":{"line":5,"column":36},"end":{"line":9,"column":1}},"1":{"start":{"line":11,"column":29},"end":{"line":24,"column":2}},"2":{"start":{"line":16,"column":12},"end":{"line":16,"column":44}},"3":{"start":{"line":17,"column":12},"end":{"line":17,"column":46}},"4":{"start":{"line":18,"column":12},"end":{"line":18,"column":32}},"5":{"start":{"line":21,"column":12},"end":{"line":21,"column":33}},"6":{"start":{"line":26,"column":39},"end":{"line":26,"column":60}}},"fnMap":{"0":{"name":"(anonymous_0)","decl":{"start":{"line":15,"column":19},"end":{"line":15,"column":20}},"loc":{"start":{"line":15,"column":79},"end":{"line":19,"column":9}},"line":15},"1":{"name":"(anonymous_1)","decl":{"start":{"line":20,"column":20},"end":{"line":20,"column":21}},"loc":{"start":{"line":20,"column":31},"end":{"line":22,"column":9}},"line":20}},"branchMap":{},"s":{"0":6,"1":6,"2":1,"3":1,"4":1,"5":1,"6":6},"f":{"0":1,"1":1},"b":{},"_coverageSchema":"1a1c01bbd47fc00a2c39e90264f33305004495a9","hash":"ef0731838e36f601b8efb257daaeb2eaa8201ec9"}
,"/home/jtg-d156/mattermost-plugin-msteams-sync/webapp/src/reducers/spinner/index.ts": {"path":"/home/jtg-d156/mattermost-plugin-msteams-sync/webapp/src/reducers/spinner/index.ts","statementMap":{"0":{"start":{"line":3,"column":46},"end":{"line":5,"column":1}},"1":{"start":{"line":7,"column":31},"end":{"line":15,"column":2}},"2":{"start":{"line":12,"column":12},"end":{"line":12,"column":41}},"3":{"start":{"line":17,"column":33},"end":{"line":17,"column":56}}},"fnMap":{"0":{"name":"(anonymous_0)","decl":{"start":{"line":11,"column":25},"end":{"line":11,"column":26}},"loc":{"start":{"line":11,"column":71},"end":{"line":13,"column":9}},"line":11}},"branchMap":{},"s":{"0":1,"1":1,"2":1,"3":1},"f":{"0":1},"b":{},"_coverageSchema":"1a1c01bbd47fc00a2c39e90264f33305004495a9","hash":"cc9e8d82309d91563d797479ac97a62112f5e7b5"}
}
