TN:
SF:src/components/appManifestSetting.tsx
FN:12,(anonymous_0)
FN:16,(anonymous_1)
FNF:2
FNH:0
FNDA:0,(anonymous_0)
FNDA:0,(anonymous_1)
DA:12,0
DA:13,0
DA:17,0
DA:39,0
LF:4
LH:0
BRF:0
BRH:0
end_of_record
TN:
SF:src/components/enforceConnectedAccountModal.tsx
FN:10,EnforceConnectedAccountModal
FN:17,(anonymous_1)
FN:21,(anonymous_2)
FN:25,(anonymous_3)
FN:34,(anonymous_4)
FN:50,(anonymous_5)
FN:58,(anonymous_6)
FN:62,(anonymous_7)
FN:68,(anonymous_8)
FNF:9
FNH:0
FNDA:0,EnforceConnectedAccountModal
FNDA:0,(anonymous_1)
FNDA:0,(anonymous_2)
FNDA:0,(anonymous_3)
FNDA:0,(anonymous_4)
FNDA:0,(anonymous_5)
FNDA:0,(anonymous_6)
FNDA:0,(anonymous_7)
FNDA:0,(anonymous_8)
DA:11,0
DA:12,0
DA:13,0
DA:14,0
DA:15,0
DA:17,0
DA:18,0
DA:21,0
DA:22,0
DA:25,0
DA:26,0
DA:29,0
DA:30,0
DA:32,0
DA:35,0
DA:36,0
DA:37,0
DA:38,0
DA:39,0
DA:40,0
DA:41,0
DA:42,0
DA:48,0
DA:51,0
DA:52,0
DA:53,0
DA:58,0
DA:59,0
DA:62,0
DA:63,0
DA:64,0
DA:65,0
DA:66,0
DA:68,0
DA:69,0
DA:70,0
DA:71,0
DA:76,0
DA:77,0
DA:80,0
LF:40
LH:0
BRDA:35,0,0,0
BRDA:35,0,1,0
BRDA:37,1,0,0
BRDA:37,1,1,0
BRDA:40,2,0,0
BRDA:40,2,1,0
BRDA:51,3,0,0
BRDA:51,3,1,0
BRDA:64,4,0,0
BRDA:64,4,1,0
BRDA:69,5,0,0
BRDA:69,5,1,0
BRDA:76,6,0,0
BRDA:76,6,1,0
BRDA:84,7,0,0
BRDA:84,7,1,0
BRDA:85,8,0,0
BRDA:85,8,1,0
BRDA:93,9,0,0
BRDA:93,9,1,0
BRDA:94,10,0,0
BRDA:94,10,1,0
BRDA:94,10,2,0
BRF:23
BRH:0
end_of_record
TN:
SF:src/components/getConnectedUsersSetting.tsx
FN:8,(anonymous_0)
FNF:1
FNH:0
FNDA:0,(anonymous_0)
DA:8,0
DA:9,0
DA:29,0
LF:3
LH:0
BRF:0
BRH:0
end_of_record
TN:
SF:src/components/Dialog/Dialog.component.tsx
FN:10,(anonymous_0)
FN:15,(anonymous_1)
FN:24,(anonymous_2)
FNF:3
FNH:3
FNDA:8,(anonymous_0)
FNDA:1,(anonymous_1)
FNDA:1,(anonymous_2)
DA:10,5
DA:11,8
DA:12,8
DA:13,8
DA:15,8
DA:17,8
DA:25,1
DA:26,1
LF:8
LH:8
BRDA:32,0,0,8
BRDA:32,0,1,8
BRF:2
BRH:2
end_of_record
TN:
SF:src/components/Icon/Icon.component.tsx
FN:6,(anonymous_0)
FNF:1
FNH:1
FNDA:34,(anonymous_0)
DA:6,8
DA:7,34
LF:2
LH:2
BRF:0
BRH:0
end_of_record
TN:
SF:src/components/Icon/Icon.map.tsx
FNF:0
FNH:0
DA:5,8
LF:1
LH:1
BRF:0
BRH:0
end_of_record
TN:
SF:src/components/LinkedChannelCard/LinkedChannelCard.component.tsx
FN:9,(anonymous_0)
FNF:1
FNH:1
FNDA:2,(anonymous_0)
DA:9,5
DA:10,2
LF:2
LH:2
BRF:0
BRH:0
end_of_record
TN:
SF:src/components/RhsTitle/RhsTitle.component.tsx
FN:6,(anonymous_0)
FNF:1
FNH:1
FNDA:1,(anonymous_0)
DA:6,5
DA:7,1
LF:2
LH:2
BRF:0
BRH:0
end_of_record
TN:
SF:src/components/Snackbar/Snackbar.component.tsx
FN:16,(anonymous_0)
FN:22,(anonymous_1)
FN:24,(anonymous_2)
FN:26,(anonymous_3)
FN:32,(anonymous_4)
FNF:5
FNH:4
FNDA:6,(anonymous_0)
FNDA:1,(anonymous_1)
FNDA:6,(anonymous_2)
FNDA:0,(anonymous_3)
FNDA:6,(anonymous_4)
DA:16,5
DA:17,6
DA:18,6
DA:19,6
DA:20,6
DA:22,6
DA:24,6
DA:25,6
DA:26,6
DA:28,0
DA:32,6
DA:33,6
DA:37,6
DA:43,6
DA:49,6
LF:15
LH:14
BRDA:25,0,0,6
BRDA:25,0,1,0
BRF:2
BRH:1
end_of_record
TN:
SF:src/components/WarningCard/WarningCard.component.tsx
FN:10,(anonymous_0)
FNF:1
FNH:1
FNDA:5,(anonymous_0)
DA:10,5
DA:11,5
LF:2
LH:2
BRF:0
BRH:0
end_of_record
TN:
SF:src/containers/index.ts
FNF:0
FNH:0
LF:0
LH:0
BRF:0
BRH:0
end_of_record
TN:
SF:src/containers/Rhs/Rhs.container.tsx
FN:18,(anonymous_0)
FN:34,(anonymous_1)
FNF:2
FNH:2
FNDA:3,(anonymous_0)
FNDA:2,(anonymous_1)
DA:18,1
DA:19,3
DA:20,3
DA:21,3
DA:23,3
DA:25,3
DA:26,3
DA:28,3
DA:32,3
DA:34,3
DA:35,2
DA:36,0
DA:43,2
DA:44,0
DA:47,2
DA:48,0
DA:51,2
DA:52,2
DA:55,0
DA:58,2
LF:20
LH:16
BRDA:35,0,0,0
BRDA:35,0,1,2
BRDA:43,1,0,0
BRDA:43,1,1,2
BRDA:43,2,0,2
BRDA:43,2,1,0
BRDA:47,3,0,0
BRDA:47,3,1,2
BRDA:47,4,0,2
BRDA:47,4,1,0
BRDA:51,5,0,2
BRDA:51,5,1,0
BRDA:51,6,0,2
BRDA:51,6,1,2
BRDA:61,7,0,2
BRDA:61,7,1,0
BRDA:64,8,0,2
BRDA:64,8,1,2
BRF:18
BRH:11
end_of_record
TN:
SF:src/containers/Rhs/index.ts
FNF:0
FNH:0
LF:0
LH:0
BRF:0
BRH:0
end_of_record
TN:
SF:src/containers/Rhs/views/ConnectAccount/ConnectAccount.container.tsx
FN:12,(anonymous_0)
FN:16,(anonymous_1)
FN:22,(anonymous_2)
FN:43,(anonymous_3)
FNF:4
FNH:3
FNDA:3,(anonymous_0)
FNDA:1,(anonymous_1)
FNDA:0,(anonymous_2)
FNDA:6,(anonymous_3)
DA:12,2
DA:13,3
DA:14,3
DA:16,3
DA:17,1
DA:20,3
DA:23,0
DA:27,3
DA:44,6
LF:9
LH:8
BRF:0
BRH:0
end_of_record
TN:
SF:src/containers/Rhs/views/ConnectAccount/index.ts
FNF:0
FNH:0
LF:0
LH:0
BRF:0
BRH:0
end_of_record
TN:
SF:src/containers/Rhs/views/ConnectedAccount/ConnectedAccount.container.tsx
FN:16,(anonymous_0)
FN:23,(anonymous_1)
FN:29,(anonymous_2)
FN:36,(anonymous_3)
FN:43,(anonymous_4)
FN:52,(anonymous_5)
FN:84,(anonymous_6)
FNF:7
FNH:3
FNDA:8,(anonymous_0)
FNDA:0,(anonymous_1)
FNDA:0,(anonymous_2)
FNDA:0,(anonymous_3)
FNDA:0,(anonymous_4)
FNDA:6,(anonymous_5)
FNDA:1,(anonymous_6)
DA:16,2
DA:17,8
DA:18,8
DA:19,8
DA:21,8
DA:23,8
DA:24,0
DA:27,6
DA:30,0
DA:34,6
DA:37,0
DA:38,0
DA:39,0
DA:44,0
DA:48,0
DA:52,6
DA:53,6
DA:54,0
DA:55,0
DA:59,6
DA:84,1
LF:21
LH:12
BRDA:53,0,0,0
BRDA:53,0,1,6
BRDA:53,1,0,6
BRDA:53,1,1,6
BRF:4
BRH:3
end_of_record
TN:
SF:src/containers/Rhs/views/ConnectedAccount/index.ts
FNF:0
FNH:0
LF:0
LH:0
BRF:0
BRH:0
end_of_record
TN:
SF:src/containers/Rhs/views/LinkedChannels/LinkedChannels.container.tsx
FN:18,(anonymous_0)
FN:28,(anonymous_1)
FN:28,(anonymous_2)
FN:29,(anonymous_3)
FN:32,(anonymous_4)
FN:33,(anonymous_5)
FN:39,(anonymous_6)
FN:46,(anonymous_7)
FN:51,(anonymous_8)
FN:79,(anonymous_9)
FNF:10
FNH:6
FNDA:3,(anonymous_0)
FNDA:3,(anonymous_1)
FNDA:3,(anonymous_2)
FNDA:0,(anonymous_3)
FNDA:3,(anonymous_4)
FNDA:0,(anonymous_5)
FNDA:1,(anonymous_6)
FNDA:0,(anonymous_7)
FNDA:3,(anonymous_8)
FNDA:0,(anonymous_9)
DA:18,2
DA:20,3
DA:21,3
DA:22,3
DA:28,3
DA:29,3
DA:32,3
DA:33,3
DA:34,0
DA:35,0
DA:39,3
DA:40,1
DA:46,3
DA:47,0
DA:51,3
DA:52,3
DA:55,3
DA:80,0
LF:18
LH:14
BRF:0
BRH:0
end_of_record
TN:
SF:src/containers/Rhs/views/LinkedChannels/LinkedChannels.mock.ts
FNF:0
FNH:0
DA:1,2
LF:1
LH:1
BRF:0
BRH:0
end_of_record
TN:
SF:src/containers/Rhs/views/LinkedChannels/index.ts
FNF:0
FNH:0
LF:0
LH:0
BRF:0
BRH:0
end_of_record
TN:
SF:src/reducers/index.ts
FNF:0
FNH:0
LF:0
LH:0
BRF:0
BRH:0
end_of_record
TN:
SF:src/reducers/apiRequest/index.ts
FN:13,(anonymous_0)
FN:16,(anonymous_1)
FN:17,(anonymous_2)
FNF:3
FNH:3
FNDA:1,(anonymous_0)
FNDA:1,(anonymous_1)
FNDA:3,(anonymous_2)
DA:5,7
DA:9,7
DA:14,1
DA:17,3
DA:22,7
LF:5
LH:5
BRF:0
BRH:0
end_of_record
TN:
SF:src/reducers/connectedState/index.ts
FN:16,(anonymous_0)
FNF:1
FNH:1
FNDA:1,(anonymous_0)
DA:5,3
DA:12,3
DA:17,1
DA:18,1
DA:19,1
DA:20,1
DA:25,3
LF:7
LH:7
BRF:0
BRH:0
end_of_record
TN:
SF:src/reducers/dialog/index.ts
FN:19,(anonymous_0)
FN:28,(anonymous_1)
FNF:2
FNH:2
FNDA:1,(anonymous_0)
FNDA:1,(anonymous_1)
DA:5,6
DA:15,6
DA:20,1
DA:21,1
DA:22,1
DA:23,1
DA:24,1
DA:25,1
DA:26,1
DA:29,1
DA:35,6
LF:11
LH:11
BRF:0
BRH:0
end_of_record
TN:
SF:src/reducers/snackbar/index.ts
FN:15,(anonymous_0)
FN:20,(anonymous_1)
FNF:2
FNH:2
FNDA:1,(anonymous_0)
FNDA:1,(anonymous_1)
DA:5,6
DA:11,6
DA:16,1
DA:17,1
DA:18,1
DA:21,1
DA:26,6
LF:7
LH:7
BRF:0
BRH:0
end_of_record
TN:
SF:src/reducers/spinner/index.ts
FN:11,(anonymous_0)
FNF:1
FNH:1
FNDA:1,(anonymous_0)
DA:3,1
DA:7,1
DA:12,1
DA:17,1
LF:4
LH:4
BRF:0
BRH:0
end_of_record
